text-v3.xml
text-circle-v2.xml
text-square-v2.xml
text-underlined-v3.xml
pill.xml
pill2.xml
pill3.xml
frame-v2.xml
ellipse-v2.xml
home-v2.xml
arrow-mirror-left.xml
arrow-mirror-right.xml
arrow-text-left.xml
arrow-text-right.xml
arrow3d-left.xml
arrow3d-right.xml
arrow2.xml
arrow-blue.xml
arrow3.xml
arrow-red.xml
arrow-green.xml
arrow-green-double.xml
arrow-double.xml
arrow-gold.xml
arrow-cool.xml
arrow-star.xml
arrow.xml
arrow-simple-v2.xml
hand-left.xml
hand-right.xml
ok.xml
cancel.xml
ok2.xml
cancel2.xml
